<?xml version="1.0" encoding="UTF-8"?>
<testng-results ignored="0" total="1" passed="1" failed="0" skipped="0">
  <reporter-output>
  </reporter-output>
  <suite started-at="2024-12-14T13:03:44 IST" name="Default suite" finished-at="2024-12-14T13:03:44 IST" duration-ms="54">
    <groups>
    </groups>
    <test started-at="2024-12-14T13:03:44 IST" name="Default test" finished-at="2024-12-14T13:03:44 IST" duration-ms="54">
      <class name="dummy_package.Dummy">
        <test-method signature="Dummy()[pri:0, instance:dummy_package.Dummy@4a883b15]" started-at="2024-12-14T13:03:44 IST" name="Dummy" finished-at="2024-12-14T13:03:44 IST" duration-ms="14" status="PASS">
          <reporter-output>
          </reporter-output>
        </test-method> <!-- Dummy -->
      </class> <!-- dummy_package.Dummy -->
    </test> <!-- Default test -->
  </suite> <!-- Default suite -->
</testng-results>
